
Gurobi 7.0.2 (win64, Java) logging started 05/31/17 14:35:41

Capacity available on 'DUS-NRC200' - connecting...
Established 256-bit AES encrypted connection
Optimize a model with 2 rows, 3 columns and 5 nonzeros
Variable types: 0 continuous, 3 integer (3 binary)
Coefficient statistics:
  Matrix range     [1e+00, 3e+00]
  Objective range  [1e+00, 2e+00]
  Bounds range     [1e+00, 1e+00]
  RHS range        [1e+00, 4e+00]
Presolve removed 2 rows and 3 columns
Presolve time: 0.00s
Presolve: All rows and columns removed

Explored 0 nodes (0 simplex iterations) in 0.00 seconds
Thread count was 1 (of 24 available processors)

Solution count 1: 3 
Pool objective bound 3

Optimal solution found (tolerance 1.00e-04)
Best objective 3.000000000000e+00, best bound 3.000000000000e+00, gap 0.0000%

Gurobi 7.0.2 (win64, Java) logging started 12/15/17 15:04:09

Capacity available on 'DUS-NRC200' - connecting...
Established 256-bit AES encrypted connection

Gurobi 7.0.2 (win64, Java) logging started 12/16/17 13:50:24


Gurobi 7.0.2 (win64, Java) logging started 12/16/17 14:04:59


Gurobi 7.0.2 (win64, Java) logging started 12/16/17 14:05:26

Capacity available on 'DUS-NRC200' - connecting...
Established 256-bit AES encrypted connection
